<?xml version="1.0" encoding="UTF-8"?>
<testng-results ignored="0" total="1" passed="1" failed="0" skipped="0">
  <reporter-output>
  </reporter-output>
  <suite started-at="2020-08-24T11:43:10 PDT" name="Default suite" finished-at="2020-08-24T11:43:20 PDT" duration-ms="10249">
    <groups>
    </groups>
    <test started-at="2020-08-24T11:43:10 PDT" name="Default test" finished-at="2020-08-24T11:43:20 PDT" duration-ms="10249">
      <class name="com.TestNG.OrangeHRM">
        <test-method is-config="true" signature="launceApp()[pri:0, instance:com.TestNG.OrangeHRM@33afa13b]" started-at="2020-08-24T11:43:10 PDT" name="launceApp" finished-at="2020-08-24T11:43:17 PDT" duration-ms="7481" status="PASS">
          <reporter-output>
          </reporter-output>
        </test-method> <!-- launceApp -->
        <test-method signature="login()[pri:0, instance:com.TestNG.OrangeHRM@33afa13b]" started-at="2020-08-24T11:43:17 PDT" name="login" finished-at="2020-08-24T11:43:19 PDT" duration-ms="1930" status="PASS">
          <reporter-output>
          </reporter-output>
        </test-method> <!-- login -->
        <test-method is-config="true" signature="closeApp()[pri:0, instance:com.TestNG.OrangeHRM@33afa13b]" started-at="2020-08-24T11:43:19 PDT" name="closeApp" finished-at="2020-08-24T11:43:20 PDT" duration-ms="771" status="PASS">
          <reporter-output>
          </reporter-output>
        </test-method> <!-- closeApp -->
      </class> <!-- com.TestNG.OrangeHRM -->
    </test> <!-- Default test -->
  </suite> <!-- Default suite -->
</testng-results>
