<?xml version="1.0" encoding="UTF-8"?>
<!-- Generated by org.testng.reporters.JUnitXMLReporter -->
<testsuite ignored="1" hostname="LAPTOP-FL730MCA" failures="0" tests="2" name="Test" time="0.109" errors="0" timestamp="2020-08-19T10:45:11 PDT">
  <testcase classname="com.TestNG.DependUponGroup" name="testCase2" time="0.014"/>
  <testcase classname="com.TestNG.DependUponGroup" name="testCase3" time="0.003"/>
  <testcase classname="com.TestNG.DependUponGroup" name="testCase1" time="0.0">
    <ignored/>
  </testcase> <!-- testCase1 -->
</testsuite> <!-- Test -->
