<?xml version="1.0" encoding="UTF-8"?>
<!-- Generated by org.testng.reporters.JUnitXMLReporter -->
<testsuite ignored="0" hostname="LAPTOP-FL730MCA" failures="0" tests="6" name="Test" time="0.121" errors="0" timestamp="2020-08-18T10:24:19 PDT">
  <testcase classname="com.TestNG.ParallelExecution" name="testCase1" time="0.027"/>
  <testcase classname="com.TestNG.ParallelExecution1" name="testCase4" time="0.027"/>
  <testcase classname="com.TestNG.ParallelExecution1" name="testCase5" time="0.002"/>
  <testcase classname="com.TestNG.ParallelExecution" name="testCase2" time="0.007"/>
  <testcase classname="com.TestNG.ParallelExecution" name="testCase3" time="0.003"/>
  <testcase classname="com.TestNG.ParallelExecution1" name="testCase6" time="0.002"/>
</testsuite> <!-- Test -->
